Using pre-set license
Built from '2021.3/china_unity/release' branch; Version is '2021.3.5f1c1 (23e20ff61267) revision 2351631'; Using compiler version '192829333'; Build Type 'Release'
OS: 'Windows 10  (10.0.19045) 64bit CoreCountrySpecific' Language: 'zh' Physical Memory: 32704 MB
BatchMode: 1, IsHumanControllingUs: 0, StartBugReporterOnCrash: 0, Is64bit: 1, IsPro: 1

COMMAND LINE ARGUMENTS:
C:\Program Files\Unity\Hub\Editor\2021.3.5f1c1\Editor\Unity.exe
-adb2
-batchMode
-noUpm
-name
AssetImportWorker0
-projectPath
C:/AAAProject/unity_project/Killer/Killer
-logFile
Logs/AssetImportWorker0.log
-srvPort
9916
Successfully changed project path to: C:/AAAProject/unity_project/Killer/Killer
C:/AAAProject/unity_project/Killer/Killer
[UnityMemory] Configuration Parameters - Can be set up in boot.config
    "memorysetup-bucket-allocator-granularity=16"
    "memorysetup-bucket-allocator-bucket-count=8"
    "memorysetup-bucket-allocator-block-size=33554432"
    "memorysetup-bucket-allocator-block-count=8"
    "memorysetup-main-allocator-block-size=16777216"
    "memorysetup-thread-allocator-block-size=16777216"
    "memorysetup-gfx-main-allocator-block-size=16777216"
    "memorysetup-gfx-thread-allocator-block-size=16777216"
    "memorysetup-cache-allocator-block-size=4194304"
    "memorysetup-typetree-allocator-block-size=2097152"
    "memorysetup-profiler-bucket-allocator-granularity=16"
    "memorysetup-profiler-bucket-allocator-bucket-count=8"
    "memorysetup-profiler-bucket-allocator-block-size=33554432"
    "memorysetup-profiler-bucket-allocator-block-count=8"
    "memorysetup-profiler-allocator-block-size=16777216"
    "memorysetup-profiler-editor-allocator-block-size=1048576"
    "memorysetup-temp-allocator-size-main=16777216"
    "memorysetup-job-temp-allocator-block-size=2097152"
    "memorysetup-job-temp-allocator-block-size-background=1048576"
    "memorysetup-job-temp-allocator-reduction-small-platforms=262144"
    "memorysetup-temp-allocator-size-background-worker=32768"
    "memorysetup-temp-allocator-size-job-worker=262144"
    "memorysetup-temp-allocator-size-preload-manager=33554432"
    "memorysetup-temp-allocator-size-nav-mesh-worker=65536"
    "memorysetup-temp-allocator-size-audio-worker=65536"
    "memorysetup-temp-allocator-size-cloud-worker=32768"
    "memorysetup-temp-allocator-size-gi-baking-worker=262144"
    "memorysetup-temp-allocator-size-gfx=262144"
AS: AutoStreaming module initializing.
Refreshing native plugins compatible for Editor in 125.52 ms, found 4 plugins.
Preloading 0 native plugins for Editor in 0.00 ms.
Initialize engine version: 2021.3.5f1c1 (23e20ff61267)
[Subsystems] Discovering subsystems at path C:/Program Files/Unity/Hub/Editor/2021.3.5f1c1/Editor/Data/Resources/UnitySubsystems
[Subsystems] Discovering subsystems at path C:/AAAProject/unity_project/Killer/Killer/Assets
GfxDevice: creating device client; threaded=0; jobified=0
Direct3D:
    Version:  Direct3D 11.0 [level 11.1]
    Renderer: NVIDIA GeForce GTX 1060 3GB (ID=0x1c02)
    Vendor:   NVIDIA
    VRAM:     2988 MB
    Driver:   31.0.15.1694
Initialize mono
Mono path[0] = 'C:/Program Files/Unity/Hub/Editor/2021.3.5f1c1/Editor/Data/Managed'
Mono path[1] = 'C:/Program Files/Unity/Hub/Editor/2021.3.5f1c1/Editor/Data/MonoBleedingEdge/lib/mono/unityjit-win32'
Mono config path = 'C:/Program Files/Unity/Hub/Editor/2021.3.5f1c1/Editor/Data/MonoBleedingEdge/etc'
Using monoOptions --debugger-agent=transport=dt_socket,embedding=1,server=y,suspend=n,address=127.0.0.1:56444
Begin MonoManager ReloadAssembly
Registering precompiled unity dll's ...
Register platform support module: C:/Program Files/Unity/Hub/Editor/2021.3.5f1c1/Editor/Data/PlaybackEngines/WindowsStandaloneSupport/UnityEditor.WindowsStandalone.Extensions.dll
Registered in 0.007227 seconds.
Native extension for WindowsStandalone target not found
Refreshing native plugins compatible for Editor in 115.90 ms, found 4 plugins.
Preloading 0 native plugins for Editor in 0.00 ms.
Mono: successfully reloaded assembly
- Completed reload, in  0.746 seconds
Domain Reload Profiling:
	ReloadAssembly (746ms)
		BeginReloadAssembly (90ms)
			ExecutionOrderSort (0ms)
			DisableScriptedObjects (0ms)
			BackupInstance (0ms)
			ReleaseScriptingObjects (0ms)
			CreateAndSetChildDomain (1ms)
		EndReloadAssembly (524ms)
			LoadAssemblies (84ms)
			RebuildTransferFunctionScriptingTraits (0ms)
			SetupTypeCache (122ms)
			ReleaseScriptCaches (0ms)
			RebuildScriptCaches (29ms)
			SetupLoadedEditorAssemblies (311ms)
				LogAssemblyErrors (0ms)
				InitializePlatformSupportModulesInManaged (9ms)
				SetLoadedEditorAssemblies (0ms)
				RefreshPlugins (116ms)
				BeforeProcessingInitializeOnLoad (2ms)
				ProcessInitializeOnLoadAttributes (135ms)
				ProcessInitializeOnLoadMethodAttributes (48ms)
				AfterProcessingInitializeOnLoad (0ms)
				EditorAssembliesLoaded (0ms)
			ExecutionOrderSort2 (0ms)
			AwakeInstancesAfterBackupRestoration (0ms)
Platform modules already initialized, skipping
Registering precompiled user dll's ...
Registered in 0.019359 seconds.
Begin MonoManager ReloadAssembly
Symbol file LoadedFromMemory doesn't match image C:\AAAProject\unity_project\Killer\Killer\Library\PackageCache\com.unity.visualscripting@1.7.8\Editor\VisualScripting.Core\Dependencies\YamlDotNet\Unity.VisualScripting.YamlDotNet.dll
Symbol file LoadedFromMemory doesn't match image C:\AAAProject\unity_project\Killer\Killer\Library\PackageCache\com.unity.visualscripting@1.7.8\Editor\VisualScripting.Core\Dependencies\DotNetZip\Unity.VisualScripting.IonicZip.dll
Native extension for WindowsStandalone target not found
Refreshing native plugins compatible for Editor in 109.64 ms, found 4 plugins.
Preloading 0 native plugins for Editor in 0.00 ms.
Mono: successfully reloaded assembly
- Completed reload, in  1.431 seconds
Domain Reload Profiling:
	ReloadAssembly (1431ms)
		BeginReloadAssembly (123ms)
			ExecutionOrderSort (0ms)
			DisableScriptedObjects (6ms)
			BackupInstance (0ms)
			ReleaseScriptingObjects (0ms)
			CreateAndSetChildDomain (20ms)
		EndReloadAssembly (1171ms)
			LoadAssemblies (99ms)
			RebuildTransferFunctionScriptingTraits (0ms)
			SetupTypeCache (287ms)
			ReleaseScriptCaches (1ms)
			RebuildScriptCaches (78ms)
			SetupLoadedEditorAssemblies (640ms)
				LogAssemblyErrors (0ms)
				InitializePlatformSupportModulesInManaged (5ms)
				SetLoadedEditorAssemblies (0ms)
				RefreshPlugins (110ms)
				BeforeProcessingInitializeOnLoad (124ms)
				ProcessInitializeOnLoadAttributes (338ms)
				ProcessInitializeOnLoadMethodAttributes (50ms)
				AfterProcessingInitializeOnLoad (13ms)
				EditorAssembliesLoaded (0ms)
			ExecutionOrderSort2 (0ms)
			AwakeInstancesAfterBackupRestoration (6ms)
Platform modules already initialized, skipping
========================================================================
Worker process is ready to serve import requests
Launched and connected shader compiler UnityShaderCompiler.exe after 0.07 seconds
Refreshing native plugins compatible for Editor in 1.41 ms, found 4 plugins.
Preloading 0 native plugins for Editor in 0.00 ms.
Unloading 4555 Unused Serialized files (Serialized files now loaded: 0)
Unloading 60 unused Assets / (293.1 KB). Loaded Objects now: 5006.
Memory consumption went from 174.3 MB to 174.0 MB.
Total: 3.534700 ms (FindLiveObjects: 0.357800 ms CreateObjectMapping: 0.303600 ms MarkObjects: 2.695400 ms  DeleteObjects: 0.176900 ms)

AssetImportParameters requested are different than current active one (requested -> active):
  custom:video-decoder-ogg-theora: a1e56fd34408186e4bbccfd4996cb3dc -> 
  custom:container-muxer-webm: aa71ff27fc2769a1b78a27578f13a17b -> 
  custom:container-demuxer-webm: 4f35f7cbe854078d1ac9338744f61a02 -> 
  custom:video-encoder-webm-vp8: eb34c28f22e8b96e1ab97ce403110664 -> 
  custom:audio-encoder-webm-vorbis: bf7c407c2cedff20999df2af8eb42d56 -> 
  custom:framework-win-MediaFoundation: 216162199b28c13a410421893ffa2e32 -> 
  custom:container-demuxer-ogg: 62fdf1f143b41e24485cea50d1cbac27 -> 
  custom:video-decoder-webm-vp8: 9c59270c3fd7afecdb556c50c9e8de78 -> 
  custom:audio-decoder-ogg-vorbis: bf7c407c2cedff20999df2af8eb42d56 -> 
========================================================================
Received Import Request.
  Time since last request: 1804664.166547 seconds.
  path: Assets/Preafab/Player/AC_Player.controller
  artifactKey: Guid(8fe6ac6d11f218b4e9e09ff1292bd70f) Importer(815301076,1909f56bfc062723c751e8b465ee728b)
Start importing Assets/Preafab/Player/AC_Player.controller using Guid(8fe6ac6d11f218b4e9e09ff1292bd70f) Importer(815301076,1909f56bfc062723c751e8b465ee728b)  -> (artifact id: '8b809b7cfe981e2e73fd56df12be56a7') in 0.045645 seconds 
========================================================================
Received Import Request.
  Time since last request: 24.570532 seconds.
  path: Assets/Preafab/Player/Player.prefab
  artifactKey: Guid(f000281bb7cc1374fb0a1d9fe6c3d65f) Importer(815301076,1909f56bfc062723c751e8b465ee728b)
Start importing Assets/Preafab/Player/Player.prefab using Guid(f000281bb7cc1374fb0a1d9fe6c3d65f) Importer(815301076,1909f56bfc062723c751e8b465ee728b)  -> (artifact id: '767437d8a2982ec007b44fc5dbb4f4b5') in 0.091258 seconds 
========================================================================
Received Import Request.
  Time since last request: 61.914153 seconds.
  path: Assets/Preafab/Player/Player.prefab
  artifactKey: Guid(f000281bb7cc1374fb0a1d9fe6c3d65f) Importer(815301076,1909f56bfc062723c751e8b465ee728b)
Start importing Assets/Preafab/Player/Player.prefab using Guid(f000281bb7cc1374fb0a1d9fe6c3d65f) Importer(815301076,1909f56bfc062723c751e8b465ee728b)  -> (artifact id: '42f25610f9981d955ae241e35636b28f') in 0.016802 seconds 
========================================================================
Received Import Request.
  Time since last request: 33.824242 seconds.
  path: Assets/Preafab/Player/Player.prefab
  artifactKey: Guid(f000281bb7cc1374fb0a1d9fe6c3d65f) Importer(815301076,1909f56bfc062723c751e8b465ee728b)
Start importing Assets/Preafab/Player/Player.prefab using Guid(f000281bb7cc1374fb0a1d9fe6c3d65f) Importer(815301076,1909f56bfc062723c751e8b465ee728b)  -> (artifact id: 'd2d7ccafdbf707238ed00719df7de07b') in 0.016786 seconds 
========================================================================
Received Import Request.
  Time since last request: 84.159924 seconds.
  path: Assets/Preafab/Player/Player.prefab
  artifactKey: Guid(f000281bb7cc1374fb0a1d9fe6c3d65f) Importer(815301076,1909f56bfc062723c751e8b465ee728b)
Start importing Assets/Preafab/Player/Player.prefab using Guid(f000281bb7cc1374fb0a1d9fe6c3d65f) Importer(815301076,1909f56bfc062723c751e8b465ee728b)  -> (artifact id: 'c8f3037a470bc34f0306afa23cb3d9d0') in 0.015173 seconds 
========================================================================
Received Import Request.
  Time since last request: 27.197581 seconds.
  path: Assets/Preafab/Player/Player.prefab
  artifactKey: Guid(f000281bb7cc1374fb0a1d9fe6c3d65f) Importer(815301076,1909f56bfc062723c751e8b465ee728b)
Start importing Assets/Preafab/Player/Player.prefab using Guid(f000281bb7cc1374fb0a1d9fe6c3d65f) Importer(815301076,1909f56bfc062723c751e8b465ee728b)  -> (artifact id: 'eac37f32821084199ea66e407f88b019') in 0.015581 seconds 
